# JRE version: Java(TM) SE Runtime Environment (8.0_31-b13) (build 1.8.0_31-b13)
# Java VM: Java HotSpot(TM) 64-Bit Server VM (25.31-b07 mixed mode windows-amd64 compressed oops)
Heap:
 PSYoungGen      total 50176K, used 35421K [0x00000000d5e00000, 0x00000000d9780000, 0x0000000100000000)
  eden space 49664K, 70% used [0x00000000d5e00000,0x00000000d806f460,0x00000000d8e80000)
  from space 512K, 31% used [0x00000000d9700000,0x00000000d9728000,0x00000000d9780000)
  to   space 512K, 0% used [0x00000000d9680000,0x00000000d9680000,0x00000000d9700000)
 ParOldGen       total 87552K, used 772K [0x0000000081a00000, 0x0000000086f80000, 0x00000000d5e00000)
  object space 87552K, 0% used [0x0000000081a00000,0x0000000081ac1060,0x0000000086f80000)
 Metaspace       used 4102K, capacity 5164K, committed 5376K, reserved 1056768K
  class space    used 428K, capacity 468K, committed 512K, reserved 1048576K
GC Heap History (10 events):
Event: 29.195 GC heap before
{Heap before GC invocations=160 (full 0):
 PSYoungGen      total 36352K, used 35936K [0x00000000d5e00000, 0x00000000d9780000, 0x0000000100000000)
  eden space 35840K, 100% used [0x00000000d5e00000,0x00000000d8100000,0x00000000d8100000)
  from space 512K, 18% used [0x00000000d9680000,0x00000000d9698000,0x00000000d9700000)
  to   space 512K, 0% used [0x00000000d9700000,0x00000000d9700000,0x00000000d9780000)
 ParOldGen       total 87552K, used 772K [0x0000000081a00000, 0x0000000086f80000, 0x00000000d5e00000)
  object space 87552K, 0% used [0x0000000081a00000,0x0000000081ac1060,0x0000000086f80000)
 Metaspace       used 3739K, capacity 4780K, committed 4864K, reserved 1056768K
  class space    used 423K, capacity 468K, committed 512K, reserved 1048576K
Event: 29.195 GC heap after
Heap after GC invocations=160 (full 0):
 PSYoungGen      total 35840K, used 64K [0x00000000d5e00000, 0x00000000d9780000, 0x0000000100000000)
  eden space 35328K, 0% used [0x00000000d5e00000,0x00000000d5e00000,0x00000000d8080000)
  from space 512K, 12% used [0x00000000d9700000,0x00000000d9710000,0x00000000d9780000)
  to   space 512K, 0% used [0x00000000d9680000,0x00000000d9680000,0x00000000d9700000)
 ParOldGen       total 87552K, used 772K [0x0000000081a00000, 0x0000000086f80000, 0x00000000d5e00000)
  object space 87552K, 0% used [0x0000000081a00000,0x0000000081ac1060,0x0000000086f80000)
 Metaspace       used 3739K, capacity 4780K, committed 4864K, reserved 1056768K
  class space    used 423K, capacity 468K, committed 512K, reserved 1048576K
}
Event: 29.231 GC heap before
{Heap before GC invocations=161 (full 0):
 PSYoungGen      total 35840K, used 35392K [0x00000000d5e00000, 0x00000000d9780000, 0x0000000100000000)
  eden space 35328K, 100% used [0x00000000d5e00000,0x00000000d8080000,0x00000000d8080000)
  from space 512K, 12% used [0x00000000d9700000,0x00000000d9710000,0x00000000d9780000)
  to   space 512K, 0% used [0x00000000d9680000,0x00000000d9680000,0x00000000d9700000)
 ParOldGen       total 87552K, used 772K [0x0000000081a00000, 0x0000000086f80000, 0x00000000d5e00000)
  object space 87552K, 0% used [0x0000000081a00000,0x0000000081ac1060,0x0000000086f80000)
 Metaspace       used 3739K, capacity 4780K, committed 4864K, reserved 1056768K
  class space    used 423K, capacity 468K, committed 512K, reserved 1048576K
Event: 29.232 GC heap after
Heap after GC invocations=161 (full 0):
 PSYoungGen      total 35328K, used 32K [0x00000000d5e00000, 0x00000000d9780000, 0x0000000100000000)
  eden space 34816K, 0% used [0x00000000d5e00000,0x00000000d5e00000,0x00000000d8000000)
  from space 512K, 6% used [0x00000000d9680000,0x00000000d9688000,0x00000000d9700000)
  to   space 512K, 0% used [0x00000000d9700000,0x00000000d9700000,0x00000000d9780000)
 ParOldGen       total 87552K, used 772K [0x0000000081a00000, 0x0000000086f80000, 0x00000000d5e00000)
  object space 87552K, 0% used [0x0000000081a00000,0x0000000081ac1060,0x0000000086f80000)
 Metaspace       used 3739K, capacity 4780K, committed 4864K, reserved 1056768K
  class space    used 423K, capacity 468K, committed 512K, reserved 1048576K
}
Event: 29.267 GC heap before
{Heap before GC invocations=162 (full 0):
 PSYoungGen      total 35328K, used 34848K [0x00000000d5e00000, 0x00000000d9780000, 0x0000000100000000)
  eden space 34816K, 100% used [0x00000000d5e00000,0x00000000d8000000,0x00000000d8000000)
  from space 512K, 6% used [0x00000000d9680000,0x00000000d9688000,0x00000000d9700000)
  to   space 512K, 0% used [0x00000000d9700000,0x00000000d9700000,0x00000000d9780000)
 ParOldGen       total 87552K, used 772K [0x0000000081a00000, 0x0000000086f80000, 0x00000000d5e00000)
  object space 87552K, 0% used [0x0000000081a00000,0x0000000081ac1060,0x0000000086f80000)
 Metaspace       used 3739K, capacity 4780K, committed 4864K, reserved 1056768K
  class space    used 423K, capacity 468K, committed 512K, reserved 1048576K
Event: 29.268 GC heap after
Heap after GC invocations=162 (full 0):
 PSYoungGen      total 42496K, used 32K [0x00000000d5e00000, 0x00000000d9780000, 0x0000000100000000)
  eden space 41984K, 0% used [0x00000000d5e00000,0x00000000d5e00000,0x00000000d8700000)
  from space 512K, 6% used [0x00000000d9700000,0x00000000d9708000,0x00000000d9780000)
  to   space 512K, 0% used [0x00000000d9680000,0x00000000d9680000,0x00000000d9700000)
 ParOldGen       total 87552K, used 772K [0x0000000081a00000, 0x0000000086f80000, 0x00000000d5e00000)
  object space 87552K, 0% used [0x0000000081a00000,0x0000000081ac1060,0x0000000086f80000)
 Metaspace       used 3739K, capacity 4780K, committed 4864K, reserved 1056768K
  class space    used 423K, capacity 468K, committed 512K, reserved 1048576K
}
Event: 29.311 GC heap before
{Heap before GC invocations=163 (full 0):
 PSYoungGen      total 42496K, used 42016K [0x00000000d5e00000, 0x00000000d9780000, 0x0000000100000000)
  eden space 41984K, 100% used [0x00000000d5e00000,0x00000000d8700000,0x00000000d8700000)
  from space 512K, 6% used [0x00000000d9700000,0x00000000d9708000,0x00000000d9780000)
  to   space 512K, 0% used [0x00000000d9680000,0x00000000d9680000,0x00000000d9700000)
 ParOldGen       total 87552K, used 772K [0x0000000081a00000, 0x0000000086f80000, 0x00000000d5e00000)
  object space 87552K, 0% used [0x0000000081a00000,0x0000000081ac1060,0x0000000086f80000)
 Metaspace       used 3739K, capacity 4780K, committed 4864K, reserved 1056768K
  class space    used 423K, capacity 468K, committed 512K, reserved 1048576K
Event: 29.311 GC heap after
Heap after GC invocations=163 (full 0):
 PSYoungGen      total 51200K, used 96K [0x00000000d5e00000, 0x00000000d9780000, 0x0000000100000000)
  eden space 50688K, 0% used [0x00000000d5e00000,0x00000000d5e00000,0x00000000d8f80000)
  from space 512K, 18% used [0x00000000d9680000,0x00000000d9698000,0x00000000d9700000)
  to   space 512K, 0% used [0x00000000d9700000,0x00000000d9700000,0x00000000d9780000)
 ParOldGen       total 87552K, used 772K [0x0000000081a00000, 0x0000000086f80000, 0x00000000d5e00000)
  object space 87552K, 0% used [0x0000000081a00000,0x0000000081ac1060,0x0000000086f80000)
 Metaspace       used 3739K, capacity 4780K, committed 4864K, reserved 1056768K
  class space    used 423K, capacity 468K, committed 512K, reserved 1048576K
}
Event: 29.363 GC heap before
{Heap before GC invocations=164 (full 0):
 PSYoungGen      total 51200K, used 50784K [0x00000000d5e00000, 0x00000000d9780000, 0x0000000100000000)
  eden space 50688K, 100% used [0x00000000d5e00000,0x00000000d8f80000,0x00000000d8f80000)
  from space 512K, 18% used [0x00000000d9680000,0x00000000d9698000,0x00000000d9700000)
  to   space 512K, 0% used [0x00000000d9700000,0x00000000d9700000,0x00000000d9780000)
 ParOldGen       total 87552K, used 772K [0x0000000081a00000, 0x0000000086f80000, 0x00000000d5e00000)
  object space 87552K, 0% used [0x0000000081a00000,0x0000000081ac1060,0x0000000086f80000)
 Metaspace       used 3739K, capacity 4780K, committed 4864K, reserved 1056768K
  class space    used 423K, capacity 468K, committed 512K, reserved 1048576K
Event: 29.363 GC heap after
Heap after GC invocations=164 (full 0):
 PSYoungGen      total 50176K, used 160K [0x00000000d5e00000, 0x00000000d9780000, 0x0000000100000000)
  eden space 49664K, 0% used [0x00000000d5e00000,0x00000000d5e00000,0x00000000d8e80000)
  from space 512K, 31% used [0x00000000d9700000,0x00000000d9728000,0x00000000d9780000)
  to   space 512K, 0% used [0x00000000d9680000,0x00000000d9680000,0x00000000d9700000)
 ParOldGen       total 87552K, used 772K [0x0000000081a00000, 0x0000000086f80000, 0x00000000d5e00000)
  object space 87552K, 0% used [0x0000000081a00000,0x0000000081ac1060,0x0000000086f80000)
 Metaspace       used 3739K, capacity 4780K, committed 4864K, reserved 1056768K
  class space    used 423K, capacity 468K, committed 512K, reserved 1048576K
}

