# JRE version: Java(TM) SE Runtime Environment (8.0_31-b13) (build 1.8.0_31-b13)
# Java VM: Java HotSpot(TM) 64-Bit Server VM (25.31-b07 mixed mode windows-amd64 compressed oops)
Heap:
 PSYoungGen      total 36352K, used 18446K [0x00000000d5e00000, 0x00000000d9200000, 0x0000000100000000)
  eden space 35840K, 51% used [0x00000000d5e00000,0x00000000d6fdba78,0x00000000d8100000)
  from space 512K, 31% used [0x00000000d9180000,0x00000000d91a8000,0x00000000d9200000)
  to   space 512K, 0% used [0x00000000d9100000,0x00000000d9100000,0x00000000d9180000)
 ParOldGen       total 87552K, used 772K [0x0000000081a00000, 0x0000000086f80000, 0x00000000d5e00000)
  object space 87552K, 0% used [0x0000000081a00000,0x0000000081ac1060,0x0000000086f80000)
 Metaspace       used 4077K, capacity 5100K, committed 5376K, reserved 1056768K
  class space    used 428K, capacity 468K, committed 512K, reserved 1048576K
GC Heap History (10 events):
Event: 36.635 GC heap before
{Heap before GC invocations=174 (full 0):
 PSYoungGen      total 39936K, used 39520K [0x00000000d5e00000, 0x00000000d9200000, 0x0000000100000000)
  eden space 39424K, 100% used [0x00000000d5e00000,0x00000000d8480000,0x00000000d8480000)
  from space 512K, 18% used [0x00000000d9100000,0x00000000d9118000,0x00000000d9180000)
  to   space 512K, 0% used [0x00000000d9180000,0x00000000d9180000,0x00000000d9200000)
 ParOldGen       total 87552K, used 772K [0x0000000081a00000, 0x0000000086f80000, 0x00000000d5e00000)
  object space 87552K, 0% used [0x0000000081a00000,0x0000000081ac1060,0x0000000086f80000)
 Metaspace       used 3745K, capacity 4780K, committed 4864K, reserved 1056768K
  class space    used 423K, capacity 468K, committed 512K, reserved 1048576K
Event: 36.636 GC heap after
Heap after GC invocations=174 (full 0):
 PSYoungGen      total 38912K, used 64K [0x00000000d5e00000, 0x00000000d9200000, 0x0000000100000000)
  eden space 38400K, 0% used [0x00000000d5e00000,0x00000000d5e00000,0x00000000d8380000)
  from space 512K, 12% used [0x00000000d9180000,0x00000000d9190000,0x00000000d9200000)
  to   space 512K, 0% used [0x00000000d9100000,0x00000000d9100000,0x00000000d9180000)
 ParOldGen       total 87552K, used 772K [0x0000000081a00000, 0x0000000086f80000, 0x00000000d5e00000)
  object space 87552K, 0% used [0x0000000081a00000,0x0000000081ac1060,0x0000000086f80000)
 Metaspace       used 3745K, capacity 4780K, committed 4864K, reserved 1056768K
  class space    used 423K, capacity 468K, committed 512K, reserved 1048576K
}
Event: 36.676 GC heap before
{Heap before GC invocations=175 (full 0):
 PSYoungGen      total 38912K, used 38464K [0x00000000d5e00000, 0x00000000d9200000, 0x0000000100000000)
  eden space 38400K, 100% used [0x00000000d5e00000,0x00000000d8380000,0x00000000d8380000)
  from space 512K, 12% used [0x00000000d9180000,0x00000000d9190000,0x00000000d9200000)
  to   space 512K, 0% used [0x00000000d9100000,0x00000000d9100000,0x00000000d9180000)
 ParOldGen       total 87552K, used 772K [0x0000000081a00000, 0x0000000086f80000, 0x00000000d5e00000)
  object space 87552K, 0% used [0x0000000081a00000,0x0000000081ac1060,0x0000000086f80000)
 Metaspace       used 3745K, capacity 4780K, committed 4864K, reserved 1056768K
  class space    used 423K, capacity 468K, committed 512K, reserved 1048576K
Event: 36.677 GC heap after
Heap after GC invocations=175 (full 0):
 PSYoungGen      total 37888K, used 32K [0x00000000d5e00000, 0x00000000d9200000, 0x0000000100000000)
  eden space 37376K, 0% used [0x00000000d5e00000,0x00000000d5e00000,0x00000000d8280000)
  from space 512K, 6% used [0x00000000d9100000,0x00000000d9108000,0x00000000d9180000)
  to   space 512K, 0% used [0x00000000d9180000,0x00000000d9180000,0x00000000d9200000)
 ParOldGen       total 87552K, used 772K [0x0000000081a00000, 0x0000000086f80000, 0x00000000d5e00000)
  object space 87552K, 0% used [0x0000000081a00000,0x0000000081ac1060,0x0000000086f80000)
 Metaspace       used 3745K, capacity 4780K, committed 4864K, reserved 1056768K
  class space    used 423K, capacity 468K, committed 512K, reserved 1048576K
}
Event: 36.716 GC heap before
{Heap before GC invocations=176 (full 0):
 PSYoungGen      total 37888K, used 37408K [0x00000000d5e00000, 0x00000000d9200000, 0x0000000100000000)
  eden space 37376K, 100% used [0x00000000d5e00000,0x00000000d8280000,0x00000000d8280000)
  from space 512K, 6% used [0x00000000d9100000,0x00000000d9108000,0x00000000d9180000)
  to   space 512K, 0% used [0x00000000d9180000,0x00000000d9180000,0x00000000d9200000)
 ParOldGen       total 87552K, used 772K [0x0000000081a00000, 0x0000000086f80000, 0x00000000d5e00000)
  object space 87552K, 0% used [0x0000000081a00000,0x0000000081ac1060,0x0000000086f80000)
 Metaspace       used 3745K, capacity 4780K, committed 4864K, reserved 1056768K
  class space    used 423K, capacity 468K, committed 512K, reserved 1048576K
Event: 36.717 GC heap after
Heap after GC invocations=176 (full 0):
 PSYoungGen      total 37376K, used 32K [0x00000000d5e00000, 0x00000000d9200000, 0x0000000100000000)
  eden space 36864K, 0% used [0x00000000d5e00000,0x00000000d5e00000,0x00000000d8200000)
  from space 512K, 6% used [0x00000000d9180000,0x00000000d9188000,0x00000000d9200000)
  to   space 512K, 0% used [0x00000000d9100000,0x00000000d9100000,0x00000000d9180000)
 ParOldGen       total 87552K, used 772K [0x0000000081a00000, 0x0000000086f80000, 0x00000000d5e00000)
  object space 87552K, 0% used [0x0000000081a00000,0x0000000081ac1060,0x0000000086f80000)
 Metaspace       used 3745K, capacity 4780K, committed 4864K, reserved 1056768K
  class space    used 423K, capacity 468K, committed 512K, reserved 1048576K
}
Event: 36.755 GC heap before
{Heap before GC invocations=177 (full 0):
 PSYoungGen      total 37376K, used 36896K [0x00000000d5e00000, 0x00000000d9200000, 0x0000000100000000)
  eden space 36864K, 100% used [0x00000000d5e00000,0x00000000d8200000,0x00000000d8200000)
  from space 512K, 6% used [0x00000000d9180000,0x00000000d9188000,0x00000000d9200000)
  to   space 512K, 0% used [0x00000000d9100000,0x00000000d9100000,0x00000000d9180000)
 ParOldGen       total 87552K, used 772K [0x0000000081a00000, 0x0000000086f80000, 0x00000000d5e00000)
  object space 87552K, 0% used [0x0000000081a00000,0x0000000081ac1060,0x0000000086f80000)
 Metaspace       used 3745K, capacity 4780K, committed 4864K, reserved 1056768K
  class space    used 423K, capacity 468K, committed 512K, reserved 1048576K
Event: 36.756 GC heap after
Heap after GC invocations=177 (full 0):
 PSYoungGen      total 36864K, used 128K [0x00000000d5e00000, 0x00000000d9200000, 0x0000000100000000)
  eden space 36352K, 0% used [0x00000000d5e00000,0x00000000d5e00000,0x00000000d8180000)
  from space 512K, 25% used [0x00000000d9100000,0x00000000d9120000,0x00000000d9180000)
  to   space 512K, 0% used [0x00000000d9180000,0x00000000d9180000,0x00000000d9200000)
 ParOldGen       total 87552K, used 772K [0x0000000081a00000, 0x0000000086f80000, 0x00000000d5e00000)
  object space 87552K, 0% used [0x0000000081a00000,0x0000000081ac1060,0x0000000086f80000)
 Metaspace       used 3745K, capacity 4780K, committed 4864K, reserved 1056768K
  class space    used 423K, capacity 468K, committed 512K, reserved 1048576K
}
Event: 36.794 GC heap before
{Heap before GC invocations=178 (full 0):
 PSYoungGen      total 36864K, used 36480K [0x00000000d5e00000, 0x00000000d9200000, 0x0000000100000000)
  eden space 36352K, 100% used [0x00000000d5e00000,0x00000000d8180000,0x00000000d8180000)
  from space 512K, 25% used [0x00000000d9100000,0x00000000d9120000,0x00000000d9180000)
  to   space 512K, 0% used [0x00000000d9180000,0x00000000d9180000,0x00000000d9200000)
 ParOldGen       total 87552K, used 772K [0x0000000081a00000, 0x0000000086f80000, 0x00000000d5e00000)
  object space 87552K, 0% used [0x0000000081a00000,0x0000000081ac1060,0x0000000086f80000)
 Metaspace       used 3745K, capacity 4780K, committed 4864K, reserved 1056768K
  class space    used 423K, capacity 468K, committed 512K, reserved 1048576K
Event: 36.795 GC heap after
Heap after GC invocations=178 (full 0):
 PSYoungGen      total 36352K, used 160K [0x00000000d5e00000, 0x00000000d9200000, 0x0000000100000000)
  eden space 35840K, 0% used [0x00000000d5e00000,0x00000000d5e00000,0x00000000d8100000)
  from space 512K, 31% used [0x00000000d9180000,0x00000000d91a8000,0x00000000d9200000)
  to   space 512K, 0% used [0x00000000d9100000,0x00000000d9100000,0x00000000d9180000)
 ParOldGen       total 87552K, used 772K [0x0000000081a00000, 0x0000000086f80000, 0x00000000d5e00000)
  object space 87552K, 0% used [0x0000000081a00000,0x0000000081ac1060,0x0000000086f80000)
 Metaspace       used 3745K, capacity 4780K, committed 4864K, reserved 1056768K
  class space    used 423K, capacity 468K, committed 512K, reserved 1048576K
}

